<?xml version="1.0" encoding="UTF-8"?>
<testsuite xmlns:xsi="http://www.w3.org/2001/XMLSchema-instance" xsi:noNamespaceSchemaLocation="https://maven.apache.org/surefire/maven-surefire-plugin/xsd/surefire-test-report-3.0.xsd" version="3.0" name="com.freesoft.friendschat.FriendschatApplicationTests" time="11.554" tests="1" errors="0" skipped="0" failures="0">
  <properties>
[...]
</properties>
  <testcase name="contextLoads" classname="com.freesoft.friendschat.FriendschatApplicationTests" time="1.053">
    <system-out><![CDATA[20:34:35.765 [main] INFO org.springframework.test.context.support.AnnotationConfigContextLoaderUtils -- Could not detect default configuration classes for test class [com.freesoft.friendschat.FriendschatApplicationTests]: FriendschatApplicationTests does not declare any static, non-private, non-final, nested classes annotated with @Configuration.
20:34:35.963 [main] INFO org.springframework.boot.test.context.SpringBootTestContextBootstrapper -- Found @SpringBootConfiguration com.freesoft.friendschat.FriendschatApplication for test class com.freesoft.friendschat.FriendschatApplicationTests

  .   ____          _            __ _ _
 /\\ / ___'_ __ _ _(_)_ __  __ _ \ \ \ \
( ( )\___ | '_ | '_| | '_ \/ _` | \ \ \ \
 \\/  ___)| |_)| | | | | || (_| |  ) ) ) )
  '  |____| .__|_| |_|_| |_\__, | / / / /
 =========|_|==============|___/=/_/_/_/

 :: Spring Boot ::                (v3.3.2)

2024-09-07T20:34:37.039+03:00  INFO 9788 --- [           main] c.f.f.FriendschatApplicationTests        : Starting FriendschatApplicationTests using Java 17.0.11 with PID 9788 (started by 89615 in C:\Users\89615\OneDrive\Рабочий стол\FriendsChatApp_Server)
2024-09-07T20:34:37.039+03:00  INFO 9788 --- [           main] c.f.f.FriendschatApplicationTests        : No active profile set, falling back to 1 default profile: "default"
2024-09-07T20:34:38.815+03:00  INFO 9788 --- [           main] .s.d.r.c.RepositoryConfigurationDelegate : Bootstrapping Spring Data JPA repositories in DEFAULT mode.
2024-09-07T20:34:38.849+03:00  INFO 9788 --- [           main] .s.d.r.c.RepositoryConfigurationDelegate : Finished Spring Data repository scanning in 25 ms. Found 0 JPA repository interfaces.
2024-09-07T20:34:40.195+03:00  INFO 9788 --- [           main] o.hibernate.jpa.internal.util.LogHelper  : HHH000204: Processing PersistenceUnitInfo [name: default]
2024-09-07T20:34:40.409+03:00  INFO 9788 --- [           main] org.hibernate.Version                    : HHH000412: Hibernate ORM core version 6.5.2.Final
2024-09-07T20:34:40.500+03:00  INFO 9788 --- [           main] o.h.c.internal.RegionFactoryInitiator    : HHH000026: Second-level cache disabled
2024-09-07T20:34:41.335+03:00  INFO 9788 --- [           main] o.s.o.j.p.SpringPersistenceUnitInfo      : No LoadTimeWeaver setup: ignoring JPA class transformer
2024-09-07T20:34:41.434+03:00  INFO 9788 --- [           main] com.zaxxer.hikari.HikariDataSource       : HikariPool-1 - Starting...
2024-09-07T20:34:41.799+03:00  INFO 9788 --- [           main] com.zaxxer.hikari.pool.HikariPool        : HikariPool-1 - Added connection org.postgresql.jdbc.PgConnection@27d73d22
2024-09-07T20:34:41.799+03:00  INFO 9788 --- [           main] com.zaxxer.hikari.HikariDataSource       : HikariPool-1 - Start completed.
2024-09-07T20:34:41.917+03:00  WARN 9788 --- [           main] org.hibernate.orm.deprecation            : HHH90000025: PostgreSQLDialect does not need to be specified explicitly using 'hibernate.dialect' (remove the property setting and it will be selected by default)
2024-09-07T20:34:43.908+03:00  INFO 9788 --- [           main] o.h.e.t.j.p.i.JtaPlatformInitiator       : HHH000489: No JTA platform available (set 'hibernate.transaction.jta.platform' to enable JTA platform integration)
Hibernate: 
    drop table if exists user_chat cascade
2024-09-07T20:34:43.964+03:00  WARN 9788 --- [           main] o.h.engine.jdbc.spi.SqlExceptionHelper   : SQL Warning Code: 0, SQLState: 00000
2024-09-07T20:34:43.964+03:00  WARN 9788 --- [           main] o.h.engine.jdbc.spi.SqlExceptionHelper   : table "user_chat" does not exist, skipping
Hibernate: 
    drop sequence if exists user_chat_seq
2024-09-07T20:34:43.969+03:00  WARN 9788 --- [           main] o.h.engine.jdbc.spi.SqlExceptionHelper   : SQL Warning Code: 0, SQLState: 00000
2024-09-07T20:34:43.969+03:00  WARN 9788 --- [           main] o.h.engine.jdbc.spi.SqlExceptionHelper   : sequence "user_chat_seq" does not exist, skipping
Hibernate: 
    create sequence user_chat_seq start with 1 increment by 50
Hibernate: 
    create table user_chat (
        id integer not null,
        email varchar(255),
        firstname varchar(255),
        lastname varchar(255),
        password varchar(255),
        primary key (id)
    )
2024-09-07T20:34:44.060+03:00  INFO 9788 --- [           main] j.LocalContainerEntityManagerFactoryBean : Initialized JPA EntityManagerFactory for persistence unit 'default'
2024-09-07T20:34:44.360+03:00  WARN 9788 --- [           main] JpaBaseConfiguration$JpaWebConfiguration : spring.jpa.open-in-view is enabled by default. Therefore, database queries may be performed during view rendering. Explicitly configure spring.jpa.open-in-view to disable this warning
2024-09-07T20:34:45.426+03:00  WARN 9788 --- [           main] .s.s.UserDetailsServiceAutoConfiguration : 

Using generated security password: 542fd985-93e7-4a37-846a-76e286fbce45

This generated password is for development use only. Your security configuration must be updated before running your application in production.

2024-09-07T20:34:45.483+03:00  INFO 9788 --- [           main] r$InitializeUserDetailsManagerConfigurer : Global AuthenticationManager configured with UserDetailsService bean with name inMemoryUserDetailsManager
2024-09-07T20:34:45.884+03:00  INFO 9788 --- [           main] c.f.f.FriendschatApplicationTests        : Started FriendschatApplicationTests in 9.554 seconds (process running for 11.68)
]]></system-out>
  </testcase>
</testsuite>